src/components/faturamento/steps/FechamentoLote.tsx(827,13): error TS1005: ')' expected.
src/components/faturamento/steps/FechamentoLote.tsx(855,9): error TS1128: Declaration or statement expected.
src/components/faturamento/steps/FechamentoLote.tsx(856,5): error TS1109: Expression expected.
